<?xml version="1.0" encoding="UTF-8"?>
<testsuite name="FileParametersPluginTest$GetVariables" tests="4" skipped="0" failures="0" errors="0" timestamp="2019-08-28T19:36:11" hostname="kmanning-laptop" time="0.428">
  <properties/>
  <testcase name="handlesCarriageReturnCharacters" classname="FileParametersPluginTest$GetVariables" time="0.354"/>
  <testcase name="ignoresTrailingNewline" classname="FileParametersPluginTest$GetVariables" time="0.028"/>
  <testcase name="returnsAValueForEachLine" classname="FileParametersPluginTest$GetVariables" time="0.026"/>
  <testcase name="interpolatesReferencesToOtherEnvironmentVariables" classname="FileParametersPluginTest$GetVariables" time="0.02"/>
  <system-out><![CDATA[]]></system-out>
  <system-err><![CDATA[]]></system-err>
</testsuite>
