<?xml version="1.0" encoding="UTF-8"?>
<testsuite name="ConsulBackendPluginTest$Apply$PathBackendParameter" tests="2" skipped="0" failures="0" errors="0" timestamp="2019-08-28T19:36:11" hostname="kmanning-laptop" time="0.003">
  <properties/>
  <testcase name="isAddedAndIsEnvironmentSpecific" classname="ConsulBackendPluginTest$Apply$PathBackendParameter" time="0.001"/>
  <testcase name="isAddedAndUsesCustomizablePattern" classname="ConsulBackendPluginTest$Apply$PathBackendParameter" time="0.002"/>
  <system-out><![CDATA[]]></system-out>
  <system-err><![CDATA[]]></system-err>
</testsuite>
