<?xml version="1.0" encoding="UTF-8"?>
<testsuite name="CredentialsPluginTest$WithBuildCredentials" tests="2" skipped="0" failures="0" errors="0" timestamp="2019-08-28T19:36:11" hostname="kmanning-laptop" time="0.012">
  <properties/>
  <testcase name="addsCredentialsForBuildStage" classname="CredentialsPluginTest$WithBuildCredentials" time="0.01"/>
  <testcase name="addsMultipleCredentialsForBuildStage" classname="CredentialsPluginTest$WithBuildCredentials" time="0.002"/>
  <system-out><![CDATA[]]></system-out>
  <system-err><![CDATA[]]></system-err>
</testsuite>
