<?xml version="1.0" encoding="UTF-8"?>
<testsuite name="ConsulBackendPluginTest$Apply$AddressBackendParameter" tests="4" skipped="0" failures="0" errors="0" timestamp="2019-08-28T19:36:11" hostname="kmanning-laptop" time="0.003">
  <properties/>
  <testcase name="isNotAddedByDefault" classname="ConsulBackendPluginTest$Apply$AddressBackendParameter" time="0.001"/>
  <testcase name="isAddedIfEnvironmentVariablePresent" classname="ConsulBackendPluginTest$Apply$AddressBackendParameter" time="0.001"/>
  <testcase name="isAddedAndPrefersTheExplicitValueOverTheDefaultEnvironmentValue" classname="ConsulBackendPluginTest$Apply$AddressBackendParameter" time="0.001"/>
  <testcase name="isAddedIfExplicitlySet" classname="ConsulBackendPluginTest$Apply$AddressBackendParameter" time="0.0"/>
  <system-out><![CDATA[]]></system-out>
  <system-err><![CDATA[]]></system-err>
</testsuite>
