<?xml version="1.0" encoding="UTF-8"?>
<testsuite name="ParameterStoreExecPluginTest$PathForEnvironment" tests="1" skipped="0" failures="0" errors="0" timestamp="2019-08-28T19:36:11" hostname="kmanning-laptop" time="0.002">
  <properties/>
  <testcase name="constructPathUsingOrgRepoAndEnvironment" classname="ParameterStoreExecPluginTest$PathForEnvironment" time="0.002"/>
  <system-out><![CDATA[]]></system-out>
  <system-err><![CDATA[]]></system-err>
</testsuite>
