<?xml version="1.0" encoding="UTF-8"?>
<testsuite name="WithAwsPluginTest$WithExplicitRole" tests="3" skipped="0" failures="0" errors="0" timestamp="2019-08-28T19:36:10" hostname="kmanning-laptop" time="0.004">
  <properties/>
  <testcase name="returnsProvidedRole" classname="WithAwsPluginTest$WithExplicitRole" time="0.001"/>
  <testcase name="prefersProvidedRoleOverEnvironmntSpecificRole" classname="WithAwsPluginTest$WithExplicitRole" time="0.001"/>
  <testcase name="prefersProvidedRoleOverGenericRole" classname="WithAwsPluginTest$WithExplicitRole" time="0.001"/>
  <system-out><![CDATA[]]></system-out>
  <system-err><![CDATA[]]></system-err>
</testsuite>
