<?xml version="1.0" encoding="UTF-8"?>
<testsuite name="AwssumePluginTest$GetAwsRoleArn" tests="4" skipped="0" failures="0" errors="0" timestamp="2019-08-28T19:36:11" hostname="kmanning-laptop" time="0.004">
  <properties/>
  <testcase name="returnsEnvironmentSpecificAwsRoleArnIfPresent" classname="AwssumePluginTest$GetAwsRoleArn" time="0.002"/>
  <testcase name="returnsEnvironmentSpecifiedAwsRoleArnIfPresentCaseInsensitive" classname="AwssumePluginTest$GetAwsRoleArn" time="0.001"/>
  <testcase name="prefersAwsArnRoleOverEnvironmentSpecificRole" classname="AwssumePluginTest$GetAwsRoleArn" time="0.0"/>
  <testcase name="returnsAwsRoleArnIfPresent" classname="AwssumePluginTest$GetAwsRoleArn" time="0.001"/>
  <system-out><![CDATA[]]></system-out>
  <system-err><![CDATA[]]></system-err>
</testsuite>
