<?xml version="1.0" encoding="UTF-8"?>
<testsuite name="RegressionStageTest$AutomationRepo" tests="4" skipped="0" failures="0" errors="0" timestamp="2019-08-28T19:36:11" hostname="kmanning-laptop" time="0.017">
  <properties/>
  <testcase name="automationRepoAndAppRepoSpecifiedSuccessfullyCallApply" classname="RegressionStageTest$AutomationRepo" time="0.013"/>
  <testcase name="automationRepoSpecifiedSuccessfullyCallApply" classname="RegressionStageTest$AutomationRepo" time="0.001"/>
  <testcase name="noAutomationRepoSpecifiedSuccessfullyCallApply" classname="RegressionStageTest$AutomationRepo" time="0.001"/>
  <testcase name="automationRepoAndAppRepoWithChangeDirectorySpecifiedSuccessfullyCallApply" classname="RegressionStageTest$AutomationRepo" time="0.002"/>
  <system-out><![CDATA[]]></system-out>
  <system-err><![CDATA[]]></system-err>
</testsuite>
