<?xml version="1.0" encoding="UTF-8"?>
<testsuite name="CredentialsPluginTest$ToEnvironmentVariable" tests="3" skipped="0" failures="0" errors="0" timestamp="2019-08-28T19:36:11" hostname="kmanning-laptop" time="0.003">
  <properties/>
  <testcase name="convertsDashesToUnderscore" classname="CredentialsPluginTest$ToEnvironmentVariable" time="0.002"/>
  <testcase name="convertsAllTheThings" classname="CredentialsPluginTest$ToEnvironmentVariable" time="0.0"/>
  <testcase name="convertsLowercaseToUppercase" classname="CredentialsPluginTest$ToEnvironmentVariable" time="0.001"/>
  <system-out><![CDATA[]]></system-out>
  <system-err><![CDATA[]]></system-err>
</testsuite>
