<?xml version="1.0" encoding="UTF-8"?>
<testsuite name="S3BackendPluginTest$Apply" tests="6" skipped="0" failures="0" errors="0" timestamp="2019-08-28T19:36:10" hostname="kmanning-laptop" time="0.033">
  <properties/>
  <testcase name="addsDynamoDbTableAsBackendParameter" classname="S3BackendPluginTest$Apply" time="0.018"/>
  <testcase name="addsEnvironmentSpecificKeyAsBackendParameter" classname="S3BackendPluginTest$Apply" time="0.003"/>
  <testcase name="isAddedAndUsesCustomizedPatternFolderKeyAsBackendParameter" classname="S3BackendPluginTest$Apply" time="0.004"/>
  <testcase name="skipsDynamoDbTableAsBackendParameter" classname="S3BackendPluginTest$Apply" time="0.003"/>
  <testcase name="addsBucketRegionUsingPreDefinedEnvironmentVariableAsBackendParameter" classname="S3BackendPluginTest$Apply" time="0.003"/>
  <testcase name="addsBucketPreDefinedByEnvironmentAsBackendParameter" classname="S3BackendPluginTest$Apply" time="0.002"/>
  <system-out><![CDATA[No S3_BACKEND_BUCKET found - checking for environment-specific bucket
No MYENV_S3_BACKEND_BUCKET found either.
No S3_BACKEND_REGION found - checking for environment-specific region
MYENV_S3_BACKEND_DYNAMO_TABLE_LOCK is deprecated - please use MYENV_S3_BACKEND_DYNAMODB_TABLE instead
No S3 backend bucket found
No S3 backend region found
No S3_BACKEND_BUCKET found - checking for environment-specific bucket
No MYENV_S3_BACKEND_BUCKET found either.
No S3_BACKEND_REGION found - checking for environment-specific region
No S3 backend bucket found
No S3 backend region found
No S3 backend dynamodb_table found
No S3_BACKEND_BUCKET found - checking for environment-specific bucket
No MYENV_S3_BACKEND_BUCKET found either.
No S3_BACKEND_REGION found - checking for environment-specific region
No S3 backend bucket found
No S3 backend region found
No S3 backend dynamodb_table found
No S3_BACKEND_BUCKET found - checking for environment-specific bucket
No MYENV_S3_BACKEND_BUCKET found either.
No S3_BACKEND_REGION found - checking for environment-specific region
No S3 backend bucket found
No S3 backend region found
No S3 backend dynamodb_table found
No S3_BACKEND_BUCKET found - checking for environment-specific bucket
No MYENV_S3_BACKEND_BUCKET found either.
No S3_BACKEND_REGION found - checking for environment-specific region
WARNING: DEFAULT_S3_BACKEND_REGION is deprecated, please use S3_BACKEND_REGION or MYENV_S3_BACKEND_REGION
No S3 backend bucket found
No S3 backend dynamodb_table found
No S3_BACKEND_BUCKET found - checking for environment-specific bucket
No S3_BACKEND_REGION found - checking for environment-specific region
No S3 backend region found
No S3 backend dynamodb_table found
]]></system-out>
  <system-err><![CDATA[]]></system-err>
</testsuite>
