<?xml version="1.0" encoding="UTF-8"?>
<testsuite name="S3BackendPluginTest$GetRegion" tests="6" skipped="0" failures="0" errors="0" timestamp="2019-08-28T19:36:11" hostname="kmanning-laptop" time="0.008">
  <properties/>
  <testcase name="shouldReturnTheValueOfS3BackendRegion" classname="S3BackendPluginTest$GetRegion" time="0.002"/>
  <testcase name="shouldReturnTheValueOfEnvironmentSpecificS3BackendRegionCaseInsensitive" classname="S3BackendPluginTest$GetRegion" time="0.001"/>
  <testcase name="shouldPreferS3BackendRegionOverEnvironmentSpecificRegion" classname="S3BackendPluginTest$GetRegion" time="0.0"/>
  <testcase name="shouldReturnTheValueOfEnvironmentSpecificS3BackendRegion" classname="S3BackendPluginTest$GetRegion" time="0.001"/>
  <testcase name="shouldReturnTheValueOfDefaultS3BackendRegion" classname="S3BackendPluginTest$GetRegion" time="0.001"/>
  <testcase name="shouldPreferEnvironmentSpecificRegionOverDeprecatedDefaultS3BackendRegion" classname="S3BackendPluginTest$GetRegion" time="0.001"/>
  <system-out><![CDATA[No S3_BACKEND_REGION found - checking for environment-specific region
No S3_BACKEND_REGION found - checking for environment-specific region
No S3_BACKEND_REGION found - checking for environment-specific region
WARNING: DEFAULT_S3_BACKEND_REGION is deprecated, please use S3_BACKEND_REGION or MYENV_S3_BACKEND_REGION
No S3_BACKEND_REGION found - checking for environment-specific region
]]></system-out>
  <system-err><![CDATA[]]></system-err>
</testsuite>
