<?xml version="1.0" encoding="UTF-8"?>
<testsuite name="CredentialsPluginTest$PopulateDefaults" tests="5" skipped="0" failures="0" errors="0" timestamp="2019-08-28T19:36:11" hostname="kmanning-laptop" time="0.002">
  <properties/>
  <testcase name="defaultsUserVariableUsingCredentialsId" classname="CredentialsPluginTest$PopulateDefaults" time="0.001"/>
  <testcase name="populatesCredentialsId" classname="CredentialsPluginTest$PopulateDefaults" time="0.0"/>
  <testcase name="defaultsPasswordVariableUsingCredentialsId" classname="CredentialsPluginTest$PopulateDefaults" time="0.001"/>
  <testcase name="allowsCustomUserVariable" classname="CredentialsPluginTest$PopulateDefaults" time="0.0"/>
  <testcase name="allowsCustomPasswordVariable" classname="CredentialsPluginTest$PopulateDefaults" time="0.0"/>
  <system-out><![CDATA[]]></system-out>
  <system-err><![CDATA[]]></system-err>
</testsuite>
