<?xml version="1.0" encoding="UTF-8"?>
<testsuite name="TerraformDirectoryPluginTest$Init" tests="4" skipped="0" failures="0" errors="0" timestamp="2019-08-28T19:36:11" hostname="kmanning-laptop" time="0.007">
  <properties/>
  <testcase name="modifiesTerraformInitCommand" classname="TerraformDirectoryPluginTest$Init" time="0.006"/>
  <testcase name="modifiesTerraformPlanCommand" classname="TerraformDirectoryPluginTest$Init" time="0.0"/>
  <testcase name="modifiesTerraformValidateCommand" classname="TerraformDirectoryPluginTest$Init" time="0.001"/>
  <testcase name="modifiesTerraformApplyCommand" classname="TerraformDirectoryPluginTest$Init" time="0.0"/>
  <system-out><![CDATA[]]></system-out>
  <system-err><![CDATA[]]></system-err>
</testsuite>
