<?xml version="1.0" encoding="UTF-8"?>
<testsuite name="TerraformPlanCommandTest$Plugins" tests="3" skipped="0" failures="0" errors="0" timestamp="2019-08-28T19:36:10" hostname="kmanning-laptop" time="0.01">
  <properties/>
  <testcase name="areAppliedEvenAfterCommandAlreadyInstantiated" classname="TerraformPlanCommandTest$Plugins" time="0.008"/>
  <testcase name="areAppliedToTheCommand" classname="TerraformPlanCommandTest$Plugins" time="0.001"/>
  <testcase name="areAppliedExactlyOnce" classname="TerraformPlanCommandTest$Plugins" time="0.001"/>
  <system-out><![CDATA[]]></system-out>
  <system-err><![CDATA[]]></system-err>
</testsuite>
