<?xml version="1.0" encoding="UTF-8"?>
<testsuite name="TerraformApplyCommandTest$Plugins" tests="3" skipped="0" failures="0" errors="0" timestamp="2019-08-28T19:36:11" hostname="kmanning-laptop" time="0.008">
  <properties/>
  <testcase name="areAppliedEvenAfterCommandAlreadyInstantiated" classname="TerraformApplyCommandTest$Plugins" time="0.007"/>
  <testcase name="areAppliedToTheCommand" classname="TerraformApplyCommandTest$Plugins" time="0.001"/>
  <testcase name="areAppliedExactlyOnce" classname="TerraformApplyCommandTest$Plugins" time="0.0"/>
  <system-out><![CDATA[]]></system-out>
  <system-err><![CDATA[]]></system-err>
</testsuite>
