<?xml version="1.0" encoding="UTF-8"?>
<testsuite name="S3BackendPluginTest$GetBackend" tests="4" skipped="0" failures="0" errors="0" timestamp="2019-08-28T19:36:11" hostname="kmanning-laptop" time="0.005">
  <properties/>
  <testcase name="shouldPreferS3BackendBucketOverEnvironmentSpecificBucket" classname="S3BackendPluginTest$GetBackend" time="0.001"/>
  <testcase name="shouldReturnTheValueOfTheEnvironmentSpecificS3BackendBucket" classname="S3BackendPluginTest$GetBackend" time="0.001"/>
  <testcase name="shouldReturnTheValueOfTheEnvironmentSpecificS3BackendBucketCaseInsensitive" classname="S3BackendPluginTest$GetBackend" time="0.001"/>
  <testcase name="shouldReturnTheValueOfS3BackendBucket" classname="S3BackendPluginTest$GetBackend" time="0.001"/>
  <system-out><![CDATA[No S3_BACKEND_BUCKET found - checking for environment-specific bucket
No S3_BACKEND_BUCKET found - checking for environment-specific bucket
]]></system-out>
  <system-err><![CDATA[]]></system-err>
</testsuite>
