<?xml version="1.0" encoding="UTF-8"?>
<testsuite name="TerraformPlanCommandTest$WithInput" tests="3" skipped="0" failures="0" errors="0" timestamp="2019-08-28T19:36:10" hostname="kmanning-laptop" time="0.005">
  <properties/>
  <testcase name="setsInputFlagToFalseWhenFalse" classname="TerraformPlanCommandTest$WithInput" time="0.004"/>
  <testcase name="skipsInputFlagWhenTrue" classname="TerraformPlanCommandTest$WithInput" time="0.0"/>
  <testcase name="defaultsToFalse" classname="TerraformPlanCommandTest$WithInput" time="0.0"/>
  <system-out><![CDATA[]]></system-out>
  <system-err><![CDATA[]]></system-err>
</testsuite>
