<?xml version="1.0" encoding="UTF-8"?>
<testsuite name="CrqPluginTest$Init" tests="1" skipped="0" failures="0" errors="0" timestamp="2019-08-28T19:36:10" hostname="kmanning-laptop" time="0.004">
  <properties/>
  <testcase name="modifiesTerraformEnvironmentStageCommand" classname="CrqPluginTest$Init" time="0.004"/>
  <system-out><![CDATA[]]></system-out>
  <system-err><![CDATA[]]></system-err>
</testsuite>
