<?xml version="1.0" encoding="UTF-8"?>
<testsuite name="TerraformValidateCommandTest$WithPrefix" tests="2" skipped="0" failures="0" errors="0" timestamp="2019-08-28T19:36:11" hostname="kmanning-laptop" time="0.001">
  <properties/>
  <testcase name="addsPrefixToBeginningOfCommand" classname="TerraformValidateCommandTest$WithPrefix" time="0.001"/>
  <testcase name="isCumulative" classname="TerraformValidateCommandTest$WithPrefix" time="0.0"/>
  <system-out><![CDATA[]]></system-out>
  <system-err><![CDATA[]]></system-err>
</testsuite>
