<?xml version="1.0" encoding="UTF-8"?>
<testsuite name="TerraformDirectoryPluginTest$Apply$WithoutDirectoryProvided" tests="4" skipped="0" failures="0" errors="0" timestamp="2019-08-28T19:36:11" hostname="kmanning-laptop" time="0.002">
  <properties/>
  <testcase name="addsDirectoryToTerraformInit" classname="TerraformDirectoryPluginTest$Apply$WithoutDirectoryProvided" time="0.001"/>
  <testcase name="addsDirectoryToTerraformPlan" classname="TerraformDirectoryPluginTest$Apply$WithoutDirectoryProvided" time="0.0"/>
  <testcase name="addsDirectoryToTerraformValidate" classname="TerraformDirectoryPluginTest$Apply$WithoutDirectoryProvided" time="0.0"/>
  <testcase name="addsDirectoryToTerraformApply" classname="TerraformDirectoryPluginTest$Apply$WithoutDirectoryProvided" time="0.001"/>
  <system-out><![CDATA[]]></system-out>
  <system-err><![CDATA[]]></system-err>
</testsuite>
