<?xml version="1.0" encoding="UTF-8"?>
<testsuite name="TerraformEnvironmentStageTest$WithEnv" tests="4" skipped="0" failures="0" errors="0" timestamp="2019-08-28T19:36:11" hostname="kmanning-laptop" time="0.023">
  <properties/>
  <testcase name="preservesOrderOfOtherPlugins" classname="TerraformEnvironmentStageTest$WithEnv" time="0.022"/>
  <testcase name="isFluent" classname="TerraformEnvironmentStageTest$WithEnv" time="0.0"/>
  <testcase name="addsAnInstanceOfEnvironmentVariablePlugin" classname="TerraformEnvironmentStageTest$WithEnv" time="0.0"/>
  <testcase name="doesNotAddPluginToOtherInstances" classname="TerraformEnvironmentStageTest$WithEnv" time="0.0"/>
  <system-out><![CDATA[]]></system-out>
  <system-err><![CDATA[]]></system-err>
</testsuite>
