<?xml version="1.0" encoding="UTF-8"?>
<testsuite name="AwssumePluginTest$Init" tests="3" skipped="0" failures="0" errors="0" timestamp="2019-08-28T19:36:11" hostname="kmanning-laptop" time="0.005">
  <properties/>
  <testcase name="modifiesTerraformInitCommand" classname="AwssumePluginTest$Init" time="0.003"/>
  <testcase name="modifiesTerraformPlanCommand" classname="AwssumePluginTest$Init" time="0.0"/>
  <testcase name="modifiesTerraformApplyCommand" classname="AwssumePluginTest$Init" time="0.0"/>
  <system-out><![CDATA[]]></system-out>
  <system-err><![CDATA[]]></system-err>
</testsuite>
