<?xml version="1.0" encoding="UTF-8"?>
<testsuite name="S3BackendPluginTest$GetDynamoTable" tests="6" skipped="0" failures="0" errors="0" timestamp="2019-08-28T19:36:11" hostname="kmanning-laptop" time="0.006">
  <properties/>
  <testcase name="shouldPreferS3BackendDynamodbTableOverDeprecatedValue" classname="S3BackendPluginTest$GetDynamoTable" time="0.001"/>
  <testcase name="shouldReturnEnvironmentSpecificS3BackendDynamodbTableValueCaseInsensitive" classname="S3BackendPluginTest$GetDynamoTable" time="0.0"/>
  <testcase name="shouldReturnDeprecatedS3BackendDynamoTableLockValue" classname="S3BackendPluginTest$GetDynamoTable" time="0.0"/>
  <testcase name="shouldReturnEnvironmentSpecificS3BackendDynamodbTableValue" classname="S3BackendPluginTest$GetDynamoTable" time="0.0"/>
  <testcase name="shouldReturnS3BackendDynamodbTableValue" classname="S3BackendPluginTest$GetDynamoTable" time="0.0"/>
  <testcase name="shouldPreferS3BackendDynamodbTableOverEnvironmentSpecificValue" classname="S3BackendPluginTest$GetDynamoTable" time="0.001"/>
  <system-out><![CDATA[MYENV_S3_BACKEND_DYNAMO_TABLE_LOCK is deprecated - please use MYENV_S3_BACKEND_DYNAMODB_TABLE instead
]]></system-out>
  <system-err><![CDATA[]]></system-err>
</testsuite>
