<?xml version="1.0" encoding="UTF-8"?>
<testsuite name="TerraformApplyCommandTest$WithInput" tests="3" skipped="0" failures="0" errors="0" timestamp="2019-08-28T19:36:11" hostname="kmanning-laptop" time="0.004">
  <properties/>
  <testcase name="setsInputFlagToFalseWhenFalse" classname="TerraformApplyCommandTest$WithInput" time="0.003"/>
  <testcase name="skipsInputFlagWhenTrue" classname="TerraformApplyCommandTest$WithInput" time="0.001"/>
  <testcase name="defaultsToFalse" classname="TerraformApplyCommandTest$WithInput" time="0.0"/>
  <system-out><![CDATA[]]></system-out>
  <system-err><![CDATA[]]></system-err>
</testsuite>
