<?xml version="1.0" encoding="UTF-8"?>
<testsuite name="WithAwsPluginTest$WithImplicitRole" tests="4" skipped="0" failures="0" errors="0" timestamp="2019-08-28T19:36:10" hostname="kmanning-laptop" time="0.018">
  <properties/>
  <testcase name="returnsEnvironmentSpecificRoleIfPresent" classname="WithAwsPluginTest$WithImplicitRole" time="0.013"/>
  <testcase name="returnsCaseInsensitiveEnvironmentSpecificRoleIfPresent" classname="WithAwsPluginTest$WithImplicitRole" time="0.001"/>
  <testcase name="returnsGenericRoleIfPresent" classname="WithAwsPluginTest$WithImplicitRole" time="0.002"/>
  <testcase name="prefersGenericRoleOverEnvironmentRole" classname="WithAwsPluginTest$WithImplicitRole" time="0.001"/>
  <system-out><![CDATA[]]></system-out>
  <system-err><![CDATA[]]></system-err>
</testsuite>
