<?xml version="1.0" encoding="UTF-8"?>
<testsuite name="ConditionApplyPluginTest$ShouldApply" tests="3" skipped="0" failures="0" errors="0" timestamp="2019-08-28T19:36:11" hostname="kmanning-laptop" time="0.004">
  <properties/>
  <testcase name="returnsTrueForMaster" classname="ConditionApplyPluginTest$ShouldApply" time="0.002"/>
  <testcase name="returnsFalseForNonMaster" classname="ConditionApplyPluginTest$ShouldApply" time="0.0"/>
  <testcase name="returnsTrueWhenBranchIsUnknown" classname="ConditionApplyPluginTest$ShouldApply" time="0.001"/>
  <system-out><![CDATA[Current branch 'master' matches expected branch 'master', stage branch-condition is met and will run.
Current branch is null - you're probably using a single-branch job which doesn't make your branch name available.  Assume that apply should be enabled.
]]></system-out>
  <system-err><![CDATA[]]></system-err>
</testsuite>
